<?xml version="1.0" encoding="UTF-8"?>
<testng-results ignored="0" total="1" passed="1" failed="0" skipped="0">
  <reporter-output>
  </reporter-output>
  <suite started-at="2021-06-15T14:30:35 CDT" name="Default suite" finished-at="2021-06-15T14:30:35 CDT" duration-ms="60">
    <groups>
    </groups>
    <test started-at="2021-06-15T14:30:35 CDT" name="Default test" finished-at="2021-06-15T14:30:35 CDT" duration-ms="60">
      <class name="Test.TestNGEj">
        <test-method signature="f()[pri:0, instance:Test.TestNGEj@1f0f1111]" started-at="2021-06-15T14:30:35 CDT" name="f" finished-at="2021-06-15T14:30:35 CDT" duration-ms="9" status="PASS">
          <reporter-output>
          </reporter-output>
        </test-method> <!-- f -->
      </class> <!-- Test.TestNGEj -->
    </test> <!-- Default test -->
  </suite> <!-- Default suite -->
</testng-results>
